This is pdfTeX, Version 3.1415926-2.5-1.40.14 (TeX Live 2013) (format=pdflatex 2014.4.21)  21 MAY 2014 10:54
entering extended mode
 \write18 enabled.
 %&-line parsing enabled.
**practicum2.tex
(./practicum2.tex
LaTeX2e <2011/06/27>
Babel <3.9k> and hyphenation patterns for 78 languages loaded.
(/usr/local/texlive/2013/texmf-dist/tex/latex/base/article.cls
Document Class: article 2007/10/19 v1.4h Standard LaTeX document class
(/usr/local/texlive/2013/texmf-dist/tex/latex/base/size10.clo
File: size10.clo 2007/10/19 v1.4h Standard LaTeX file (size option)
)
\c@part=\count79
\c@section=\count80
\c@subsection=\count81
\c@subsubsection=\count82
\c@paragraph=\count83
\c@subparagraph=\count84
\c@figure=\count85
\c@table=\count86
\abovecaptionskip=\skip41
\belowcaptionskip=\skip42
\bibindent=\dimen102
)
(/usr/local/texlive/2013/texmf-dist/tex/generic/babel/babel.sty
Package: babel 2014/03/24 3.9k The Babel package

(/usr/local/texlive/2013/texmf-dist/tex/generic/babel-dutch/dutch.ldf
Language: dutch 2005/03/30 v3.8i Dutch support from the babel system

(/usr/local/texlive/2013/texmf-dist/tex/generic/babel/babel.def
File: babel.def 2014/03/24 3.9k Babel common definitions
\babel@savecnt=\count87
\U@D=\dimen103
)
Package babel Info: Making " an active character on input line 132.
))
(/usr/local/texlive/2013/texmf-dist/tex/latex/amscls/amsthm.sty
Package: amsthm 2004/08/06 v2.20
\thm@style=\toks14
\thm@bodyfont=\toks15
\thm@headfont=\toks16
\thm@notefont=\toks17
\thm@headpunct=\toks18
\thm@preskip=\skip43
\thm@postskip=\skip44
\thm@headsep=\skip45
\dth@everypar=\toks19
)
(/usr/local/texlive/2013/texmf-dist/tex/latex/amsmath/amsmath.sty
Package: amsmath 2013/01/14 v2.14 AMS math features
\@mathmargin=\skip46

For additional information on amsmath, use the `?' option.
(/usr/local/texlive/2013/texmf-dist/tex/latex/amsmath/amstext.sty
Package: amstext 2000/06/29 v2.01

(/usr/local/texlive/2013/texmf-dist/tex/latex/amsmath/amsgen.sty
File: amsgen.sty 1999/11/30 v2.0
\@emptytoks=\toks20
\ex@=\dimen104
))
(/usr/local/texlive/2013/texmf-dist/tex/latex/amsmath/amsbsy.sty
Package: amsbsy 1999/11/29 v1.2d
\pmbraise@=\dimen105
)
(/usr/local/texlive/2013/texmf-dist/tex/latex/amsmath/amsopn.sty
Package: amsopn 1999/12/14 v2.01 operator names
)
\inf@bad=\count88
LaTeX Info: Redefining \frac on input line 210.
\uproot@=\count89
\leftroot@=\count90
LaTeX Info: Redefining \overline on input line 306.
\classnum@=\count91
\DOTSCASE@=\count92
LaTeX Info: Redefining \ldots on input line 378.
LaTeX Info: Redefining \dots on input line 381.
LaTeX Info: Redefining \cdots on input line 466.
\Mathstrutbox@=\box26
\strutbox@=\box27
\big@size=\dimen106
LaTeX Font Info:    Redeclaring font encoding OML on input line 566.
LaTeX Font Info:    Redeclaring font encoding OMS on input line 567.
\macc@depth=\count93
\c@MaxMatrixCols=\count94
\dotsspace@=\muskip10
\c@parentequation=\count95
\dspbrk@lvl=\count96
\tag@help=\toks21
\row@=\count97
\column@=\count98
\maxfields@=\count99
\andhelp@=\toks22
\eqnshift@=\dimen107
\alignsep@=\dimen108
\tagshift@=\dimen109
\tagwidth@=\dimen110
\totwidth@=\dimen111
\lineht@=\dimen112
\@envbody=\toks23
\multlinegap=\skip47
\multlinetaggap=\skip48
\mathdisplay@stack=\toks24
LaTeX Info: Redefining \[ on input line 2665.
LaTeX Info: Redefining \] on input line 2666.
)
(/usr/local/texlive/2013/texmf-dist/tex/latex/graphics/graphicx.sty
Package: graphicx 1999/02/16 v1.0f Enhanced LaTeX Graphics (DPC,SPQR)

(/usr/local/texlive/2013/texmf-dist/tex/latex/graphics/keyval.sty
Package: keyval 1999/03/16 v1.13 key=value parser (DPC)
\KV@toks@=\toks25
)
(/usr/local/texlive/2013/texmf-dist/tex/latex/graphics/graphics.sty
Package: graphics 2009/02/05 v1.0o Standard LaTeX Graphics (DPC,SPQR)

(/usr/local/texlive/2013/texmf-dist/tex/latex/graphics/trig.sty
Package: trig 1999/03/16 v1.09 sin cos tan (DPC)
)
(/usr/local/texlive/2013/texmf-dist/tex/latex/latexconfig/graphics.cfg
File: graphics.cfg 2010/04/23 v1.9 graphics configuration of TeX Live
)
Package graphics Info: Driver file: pdftex.def on input line 91.

(/usr/local/texlive/2013/texmf-dist/tex/latex/pdftex-def/pdftex.def
File: pdftex.def 2011/05/27 v0.06d Graphics/color for pdfTeX

(/usr/local/texlive/2013/texmf-dist/tex/generic/oberdiek/infwarerr.sty
Package: infwarerr 2010/04/08 v1.3 Providing info/warning/error messages (HO)
)
(/usr/local/texlive/2013/texmf-dist/tex/generic/oberdiek/ltxcmds.sty
Package: ltxcmds 2011/11/09 v1.22 LaTeX kernel commands for general use (HO)
)
\Gread@gobject=\count100
))
\Gin@req@height=\dimen113
\Gin@req@width=\dimen114
)
(/usr/local/texlive/2013/texmf-dist/tex/latex/oberdiek/epstopdf.sty
Package: epstopdf 2010/02/09 v2.5 Conversion with epstopdf on the fly (HO)

(/usr/local/texlive/2013/texmf-dist/tex/latex/oberdiek/epstopdf-base.sty
Package: epstopdf-base 2010/02/09 v2.5 Base part for package epstopdf

(/usr/local/texlive/2013/texmf-dist/tex/latex/oberdiek/grfext.sty
Package: grfext 2010/08/19 v1.1 Manage graphics extensions (HO)

(/usr/local/texlive/2013/texmf-dist/tex/generic/oberdiek/kvdefinekeys.sty
Package: kvdefinekeys 2011/04/07 v1.3 Define keys (HO)
))
(/usr/local/texlive/2013/texmf-dist/tex/latex/oberdiek/kvoptions.sty
Package: kvoptions 2011/06/30 v3.11 Key value format for package options (HO)

(/usr/local/texlive/2013/texmf-dist/tex/generic/oberdiek/kvsetkeys.sty
Package: kvsetkeys 2012/04/25 v1.16 Key value parser (HO)

(/usr/local/texlive/2013/texmf-dist/tex/generic/oberdiek/etexcmds.sty
Package: etexcmds 2011/02/16 v1.5 Avoid name clashes with e-TeX commands (HO)

(/usr/local/texlive/2013/texmf-dist/tex/generic/oberdiek/ifluatex.sty
Package: ifluatex 2010/03/01 v1.3 Provides the ifluatex switch (HO)
Package ifluatex Info: LuaTeX not detected.
)
Package etexcmds Info: Could not find \expanded.
(etexcmds)             That can mean that you are not using pdfTeX 1.50 or
(etexcmds)             that some package has redefined \expanded.
(etexcmds)             In the latter case, load this package earlier.
)))
(/usr/local/texlive/2013/texmf-dist/tex/generic/oberdiek/pdftexcmds.sty
Package: pdftexcmds 2011/11/29 v0.20 Utility functions of pdfTeX for LuaTeX (HO
)

(/usr/local/texlive/2013/texmf-dist/tex/generic/oberdiek/ifpdf.sty
Package: ifpdf 2011/01/30 v2.3 Provides the ifpdf switch (HO)
Package ifpdf Info: pdfTeX in PDF mode is detected.
)
Package pdftexcmds Info: LuaTeX not detected.
Package pdftexcmds Info: \pdf@primitive is available.
Package pdftexcmds Info: \pdf@ifprimitive is available.
Package pdftexcmds Info: \pdfdraftmode found.
)
Package grfext Info: Graphics extension search list:
(grfext)             [.png,.pdf,.jpg,.mps,.jpeg,.jbig2,.jb2,.PNG,.PDF,.JPG,.JPE
G,.JBIG2,.JB2,.eps]
(grfext)             \AppendGraphicsExtensions on input line 452.

(/usr/local/texlive/2013/texmf-dist/tex/latex/latexconfig/epstopdf-sys.cfg
File: epstopdf-sys.cfg 2010/07/13 v1.3 Configuration of (r)epstopdf for TeX Liv
e
)))
(/usr/local/texlive/2013/texmf-dist/tex/latex/tools/enumerate.sty
Package: enumerate 1999/03/05 v3.00 enumerate extensions (DPC)
\@enLab=\toks26
)
(/usr/local/texlive/2013/texmf-dist/tex/latex/amsfonts/amssymb.sty
Package: amssymb 2013/01/14 v3.01 AMS font symbols

(/usr/local/texlive/2013/texmf-dist/tex/latex/amsfonts/amsfonts.sty
Package: amsfonts 2013/01/14 v3.01 Basic AMSFonts support
\symAMSa=\mathgroup4
\symAMSb=\mathgroup5
LaTeX Font Info:    Overwriting math alphabet `\mathfrak' in version `bold'
(Font)                  U/euf/m/n --> U/euf/b/n on input line 106.
))
(/usr/local/texlive/2013/texmf-dist/tex/latex/float/float.sty
Package: float 2001/11/08 v1.3d Float enhancements (AL)
\c@float@type=\count101
\float@exts=\toks27
\float@box=\box28
\@float@everytoks=\toks28
\@floatcapt=\box29
)
(/usr/local/texlive/2013/texmf-dist/tex/latex/algorithmicx/algpseudocode.sty
Package: algpseudocode 

(/usr/local/texlive/2013/texmf-dist/tex/latex/base/ifthen.sty
Package: ifthen 2001/05/26 v1.1c Standard LaTeX ifthen package (DPC)
)
(/usr/local/texlive/2013/texmf-dist/tex/latex/algorithmicx/algorithmicx.sty
Package: algorithmicx 2005/04/27 v1.2 Algorithmicx

Document Style algorithmicx 1.2 - a greatly improved `algorithmic' style
\c@ALG@line=\count102
\c@ALG@rem=\count103
\c@ALG@nested=\count104
\ALG@tlm=\skip49
\ALG@thistlm=\skip50
\c@ALG@Lnr=\count105
\c@ALG@blocknr=\count106
\c@ALG@storecount=\count107
\c@ALG@tmpcounter=\count108
\ALG@tmplength=\skip51
)
Document Style - pseudocode environments for use with the `algorithmicx' style
) (/usr/local/texlive/2013/texmf-dist/tex/latex/varwidth/varwidth.sty
Package: varwidth 2009/03/30 ver 0.92;  Variable-width minipages
\@vwid@box=\box30
\sift@deathcycles=\count109
\@vwid@loff=\dimen115
\@vwid@roff=\dimen116
)
(./mcode.sty
Package: `mcode' 1.2 <2005/11/17>
Package: mcode 2005/11/17 1.2
mcode: settings optimized for display!
(/usr/local/texlive/2013/texmf-dist/tex/latex/graphics/color.sty
Package: color 2005/11/14 v1.0j Standard LaTeX Color (DPC)

(/usr/local/texlive/2013/texmf-dist/tex/latex/latexconfig/color.cfg
File: color.cfg 2007/01/18 v1.5 color configuration of teTeX/TeXLive
)
Package color Info: Driver file: pdftex.def on input line 130.
)
(/usr/local/texlive/2013/texmf-dist/tex/latex/listings/listings.sty
\lst@mode=\count110
\lst@gtempboxa=\box31
\lst@token=\toks29
\lst@length=\count111
\lst@currlwidth=\dimen117
\lst@column=\count112
\lst@pos=\count113
\lst@lostspace=\dimen118
\lst@width=\dimen119
\lst@newlines=\count114
\lst@lineno=\count115
\lst@maxwidth=\dimen120

(/usr/local/texlive/2013/texmf-dist/tex/latex/listings/lstmisc.sty
File: lstmisc.sty 2014/03/04 1.5c (Carsten Heinz)
\c@lstnumber=\count116
\lst@skipnumbers=\count117
\lst@framebox=\box32
)
(/usr/local/texlive/2013/texmf-dist/tex/latex/listings/listings.cfg
File: listings.cfg 2014/03/04 1.5c listings configuration
))
Package: listings 2014/03/04 1.5c (Carsten Heinz)

(/usr/local/texlive/2013/texmf-dist/tex/latex/base/textcomp.sty
Package: textcomp 2005/09/27 v1.99g Standard LaTeX package
Package textcomp Info: Sub-encoding information:
(textcomp)               5 = only ISO-Adobe without \textcurrency
(textcomp)               4 = 5 + \texteuro
(textcomp)               3 = 4 + \textohm
(textcomp)               2 = 3 + \textestimated + \textcurrency
(textcomp)               1 = TS1 - \textcircled - \t
(textcomp)               0 = TS1 (full)
(textcomp)             Font families with sub-encoding setting implement
(textcomp)             only a restricted character set as indicated.
(textcomp)             Family '?' is the default used for unknown fonts.
(textcomp)             See the documentation for details.
Package textcomp Info: Setting ? sub-encoding to TS1/1 on input line 71.

(/usr/local/texlive/2013/texmf-dist/tex/latex/base/ts1enc.def
File: ts1enc.def 2001/06/05 v3.0e (jk/car/fm) Standard LaTeX file
)
LaTeX Info: Redefining \oldstylenums on input line 266.
Package textcomp Info: Setting cmr sub-encoding to TS1/0 on input line 281.
Package textcomp Info: Setting cmss sub-encoding to TS1/0 on input line 282.
Package textcomp Info: Setting cmtt sub-encoding to TS1/0 on input line 283.
Package textcomp Info: Setting cmvtt sub-encoding to TS1/0 on input line 284.
Package textcomp Info: Setting cmbr sub-encoding to TS1/0 on input line 285.
Package textcomp Info: Setting cmtl sub-encoding to TS1/0 on input line 286.
Package textcomp Info: Setting ccr sub-encoding to TS1/0 on input line 287.
Package textcomp Info: Setting ptm sub-encoding to TS1/4 on input line 288.
Package textcomp Info: Setting pcr sub-encoding to TS1/4 on input line 289.
Package textcomp Info: Setting phv sub-encoding to TS1/4 on input line 290.
Package textcomp Info: Setting ppl sub-encoding to TS1/3 on input line 291.
Package textcomp Info: Setting pag sub-encoding to TS1/4 on input line 292.
Package textcomp Info: Setting pbk sub-encoding to TS1/4 on input line 293.
Package textcomp Info: Setting pnc sub-encoding to TS1/4 on input line 294.
Package textcomp Info: Setting pzc sub-encoding to TS1/4 on input line 295.
Package textcomp Info: Setting bch sub-encoding to TS1/4 on input line 296.
Package textcomp Info: Setting put sub-encoding to TS1/5 on input line 297.
Package textcomp Info: Setting uag sub-encoding to TS1/5 on input line 298.
Package textcomp Info: Setting ugq sub-encoding to TS1/5 on input line 299.
Package textcomp Info: Setting ul8 sub-encoding to TS1/4 on input line 300.
Package textcomp Info: Setting ul9 sub-encoding to TS1/4 on input line 301.
Package textcomp Info: Setting augie sub-encoding to TS1/5 on input line 302.
Package textcomp Info: Setting dayrom sub-encoding to TS1/3 on input line 303.
Package textcomp Info: Setting dayroms sub-encoding to TS1/3 on input line 304.

Package textcomp Info: Setting pxr sub-encoding to TS1/0 on input line 305.
Package textcomp Info: Setting pxss sub-encoding to TS1/0 on input line 306.
Package textcomp Info: Setting pxtt sub-encoding to TS1/0 on input line 307.
Package textcomp Info: Setting txr sub-encoding to TS1/0 on input line 308.
Package textcomp Info: Setting txss sub-encoding to TS1/0 on input line 309.
Package textcomp Info: Setting txtt sub-encoding to TS1/0 on input line 310.
Package textcomp Info: Setting lmr sub-encoding to TS1/0 on input line 311.
Package textcomp Info: Setting lmdh sub-encoding to TS1/0 on input line 312.
Package textcomp Info: Setting lmss sub-encoding to TS1/0 on input line 313.
Package textcomp Info: Setting lmssq sub-encoding to TS1/0 on input line 314.
Package textcomp Info: Setting lmvtt sub-encoding to TS1/0 on input line 315.
Package textcomp Info: Setting qhv sub-encoding to TS1/0 on input line 316.
Package textcomp Info: Setting qag sub-encoding to TS1/0 on input line 317.
Package textcomp Info: Setting qbk sub-encoding to TS1/0 on input line 318.
Package textcomp Info: Setting qcr sub-encoding to TS1/0 on input line 319.
Package textcomp Info: Setting qcs sub-encoding to TS1/0 on input line 320.
Package textcomp Info: Setting qpl sub-encoding to TS1/0 on input line 321.
Package textcomp Info: Setting qtm sub-encoding to TS1/0 on input line 322.
Package textcomp Info: Setting qzc sub-encoding to TS1/0 on input line 323.
Package textcomp Info: Setting qhvc sub-encoding to TS1/0 on input line 324.
Package textcomp Info: Setting futs sub-encoding to TS1/4 on input line 325.
Package textcomp Info: Setting futx sub-encoding to TS1/4 on input line 326.
Package textcomp Info: Setting futj sub-encoding to TS1/4 on input line 327.
Package textcomp Info: Setting hlh sub-encoding to TS1/3 on input line 328.
Package textcomp Info: Setting hls sub-encoding to TS1/3 on input line 329.
Package textcomp Info: Setting hlst sub-encoding to TS1/3 on input line 330.
Package textcomp Info: Setting hlct sub-encoding to TS1/5 on input line 331.
Package textcomp Info: Setting hlx sub-encoding to TS1/5 on input line 332.
Package textcomp Info: Setting hlce sub-encoding to TS1/5 on input line 333.
Package textcomp Info: Setting hlcn sub-encoding to TS1/5 on input line 334.
Package textcomp Info: Setting hlcw sub-encoding to TS1/5 on input line 335.
Package textcomp Info: Setting hlcf sub-encoding to TS1/5 on input line 336.
Package textcomp Info: Setting pplx sub-encoding to TS1/3 on input line 337.
Package textcomp Info: Setting pplj sub-encoding to TS1/3 on input line 338.
Package textcomp Info: Setting ptmx sub-encoding to TS1/4 on input line 339.
Package textcomp Info: Setting ptmj sub-encoding to TS1/4 on input line 340.
))
(/usr/local/texlive/2013/texmf-dist/tex/latex/algorithms/algorithm.sty
Package: algorithm 2009/08/24 v0.1 Document Style `algorithm' - floating enviro
nment
\@float@every@algorithm=\toks30
\c@algorithm=\count118
)
(/usr/local/texlive/2013/texmf-dist/tex/latex/caption/caption.sty
Package: caption 2013/05/02 v3.3-89 Customizing captions (AR)

(/usr/local/texlive/2013/texmf-dist/tex/latex/caption/caption3.sty
Package: caption3 2013/05/02 v1.6-88 caption3 kernel (AR)
Package caption3 Info: TeX engine: e-TeX on input line 57.
\captionmargin=\dimen121
\captionmargin@=\dimen122
\captionwidth=\dimen123
\caption@tempdima=\dimen124
\caption@indent=\dimen125
\caption@parindent=\dimen126
\caption@hangindent=\dimen127
)
\c@ContinuedFloat=\count119
Package caption Info: float package is loaded.
Package caption Info: listings package is loaded.
)
(/usr/local/texlive/2013/texmf-dist/tex/latex/caption/subcaption.sty
Package: subcaption 2013/02/03 v1.1-62 Sub-captions (AR)
\c@subfigure=\count120
\c@subtable=\count121
)
(./practicum2.aux

LaTeX Warning: Label `fig:periotriga' multiply defined.


LaTeX Warning: Label `sub@fig:periotriga' multiply defined.


LaTeX Warning: Label `fig:periotrigb' multiply defined.


LaTeX Warning: Label `sub@fig:periotrigb' multiply defined.

)
\openout1 = `practicum2.aux'.

LaTeX Font Info:    Checking defaults for OML/cmm/m/it on input line 26.
LaTeX Font Info:    ... okay on input line 26.
LaTeX Font Info:    Checking defaults for T1/cmr/m/n on input line 26.
LaTeX Font Info:    ... okay on input line 26.
LaTeX Font Info:    Checking defaults for OT1/cmr/m/n on input line 26.
LaTeX Font Info:    ... okay on input line 26.
LaTeX Font Info:    Checking defaults for OMS/cmsy/m/n on input line 26.
LaTeX Font Info:    ... okay on input line 26.
LaTeX Font Info:    Checking defaults for OMX/cmex/m/n on input line 26.
LaTeX Font Info:    ... okay on input line 26.
LaTeX Font Info:    Checking defaults for U/cmr/m/n on input line 26.
LaTeX Font Info:    ... okay on input line 26.
LaTeX Font Info:    Checking defaults for TS1/cmr/m/n on input line 26.
LaTeX Font Info:    Try loading font information for TS1+cmr on input line 26.
 (/usr/local/texlive/2013/texmf-dist/tex/latex/base/ts1cmr.fd
File: ts1cmr.fd 1999/05/25 v2.5h Standard LaTeX font definitions
)
LaTeX Font Info:    ... okay on input line 26.

(/usr/local/texlive/2013/texmf-dist/tex/context/base/supp-pdf.mkii
[Loading MPS to PDF converter (version 2006.09.02).]
\scratchcounter=\count122
\scratchdimen=\dimen128
\scratchbox=\box33
\nofMPsegments=\count123
\nofMParguments=\count124
\everyMPshowfont=\toks31
\MPscratchCnt=\count125
\MPscratchDim=\dimen129
\MPnumerator=\count126
\makeMPintoPDFobject=\count127
\everyMPtoPDFconversion=\toks32
)
\c@lstlisting=\count128
Package caption Info: Begin \AtBeginDocument code.
Package caption Info: End \AtBeginDocument code.
LaTeX Font Info:    Try loading font information for U+msa on input line 27.
 (/usr/local/texlive/2013/texmf-dist/tex/latex/amsfonts/umsa.fd
File: umsa.fd 2013/01/14 v3.01 AMS symbols A
)
LaTeX Font Info:    Try loading font information for U+msb on input line 27.

(/usr/local/texlive/2013/texmf-dist/tex/latex/amsfonts/umsb.fd
File: umsb.fd 2013/01/14 v3.01 AMS symbols B
)
Package epstopdf Info: Source file: <Jona/chebyshev_polynomials.eps>
(epstopdf)                    date: 2014-05-21 00:12:00
(epstopdf)                    size: 47775 bytes
(epstopdf)             Output file: <Jona/chebyshev_polynomials-eps-converted-t
o.pdf>
(epstopdf)                    date: 2014-05-21 10:04:52
(epstopdf)                    size: 41279 bytes
(epstopdf)             Command: <epstopdf --outfile=Jona/chebyshev_polynomials-
eps-converted-to.pdf Jona/chebyshev_polynomials.eps>
(epstopdf)             \includegraphics on input line 39.
Package epstopdf Info: Output file is already uptodate.

<Jona/chebyshev_polynomials-eps-converted-to.pdf, id=1, 560.0925pt x 421.575pt>
File: Jona/chebyshev_polynomials-eps-converted-to.pdf Graphic file (type pdf)
<use Jona/chebyshev_polynomials-eps-converted-to.pdf>
Package pdftex.def Info: Jona/chebyshev_polynomials-eps-converted-to.pdf used o
n input line 39.
(pdftex.def)             Requested size: 345.0pt x 259.68842pt.
 [1

{/usr/local/texlive/2013/texmf-var/fonts/map/pdftex/updmap/pdftex.map}] [2 <./J
ona/chebyshev_polynomials-eps-converted-to.pdf>]
Package epstopdf Info: Source file: <Jona/linspace_cos_interpolation.eps>
(epstopdf)                    date: 2014-05-21 00:21:48
(epstopdf)                    size: 46122 bytes
(epstopdf)             Output file: <Jona/linspace_cos_interpolation-eps-conver
ted-to.pdf>
(epstopdf)                    date: 2014-05-21 10:04:52
(epstopdf)                    size: 32304 bytes
(epstopdf)             Command: <epstopdf --outfile=Jona/linspace_cos_interpola
tion-eps-converted-to.pdf Jona/linspace_cos_interpolation.eps>
(epstopdf)             \includegraphics on input line 66.
Package epstopdf Info: Output file is already uptodate.

<Jona/linspace_cos_interpolation-eps-converted-to.pdf, id=28, 560.0925pt x 421.
575pt>
File: Jona/linspace_cos_interpolation-eps-converted-to.pdf Graphic file (type p
df)
 <use Jona/linspace_cos_interpolation-eps-converted-to.pdf>
Package pdftex.def Info: Jona/linspace_cos_interpolation-eps-converted-to.pdf u
sed on input line 66.
(pdftex.def)             Requested size: 155.24895pt x 116.85657pt.
Package epstopdf Info: Source file: <Jona/linspace_cos_error.eps>
(epstopdf)                    date: 2014-05-21 00:19:38
(epstopdf)                    size: 42003 bytes
(epstopdf)             Output file: <Jona/linspace_cos_error-eps-converted-to.p
df>
(epstopdf)                    date: 2014-05-21 10:04:52
(epstopdf)                    size: 26680 bytes
(epstopdf)             Command: <epstopdf --outfile=Jona/linspace_cos_error-eps
-converted-to.pdf Jona/linspace_cos_error.eps>
(epstopdf)             \includegraphics on input line 73.
Package epstopdf Info: Output file is already uptodate.

<Jona/linspace_cos_error-eps-converted-to.pdf, id=29, 560.0925pt x 421.575pt>
File: Jona/linspace_cos_error-eps-converted-to.pdf Graphic file (type pdf)

<use Jona/linspace_cos_error-eps-converted-to.pdf>
Package pdftex.def Info: Jona/linspace_cos_error-eps-converted-to.pdf used on i
nput line 73.
(pdftex.def)             Requested size: 155.24895pt x 116.85657pt.
Package epstopdf Info: Source file: <Jona/cheby_cos_interpolation.eps>
(epstopdf)                    date: 2014-05-21 00:07:05
(epstopdf)                    size: 46123 bytes
(epstopdf)             Output file: <Jona/cheby_cos_interpolation-eps-converted
-to.pdf>
(epstopdf)                    date: 2014-05-21 10:04:52
(epstopdf)                    size: 32715 bytes
(epstopdf)             Command: <epstopdf --outfile=Jona/cheby_cos_interpolatio
n-eps-converted-to.pdf Jona/cheby_cos_interpolation.eps>
(epstopdf)             \includegraphics on input line 87.
Package epstopdf Info: Output file is already uptodate.

<Jona/cheby_cos_interpolation-eps-converted-to.pdf, id=30, 560.0925pt x 421.575
pt>
File: Jona/cheby_cos_interpolation-eps-converted-to.pdf Graphic file (type pdf)

 <use Jona/cheby_cos_interpolation-eps-converted-to.pdf>
Package pdftex.def Info: Jona/cheby_cos_interpolation-eps-converted-to.pdf used
 on input line 87.
(pdftex.def)             Requested size: 155.24895pt x 116.85657pt.
Package epstopdf Info: Source file: <Jona/cheby_cos_error.eps>
(epstopdf)                    date: 2014-05-21 00:27:39
(epstopdf)                    size: 42510 bytes
(epstopdf)             Output file: <Jona/cheby_cos_error-eps-converted-to.pdf>

(epstopdf)                    date: 2014-05-21 10:04:52
(epstopdf)                    size: 29075 bytes
(epstopdf)             Command: <epstopdf --outfile=Jona/cheby_cos_error-eps-co
nverted-to.pdf Jona/cheby_cos_error.eps>
(epstopdf)             \includegraphics on input line 93.
Package epstopdf Info: Output file is already uptodate.

<Jona/cheby_cos_error-eps-converted-to.pdf, id=31, 560.0925pt x 421.575pt>
File: Jona/cheby_cos_error-eps-converted-to.pdf Graphic file (type pdf)

<use Jona/cheby_cos_error-eps-converted-to.pdf>
Package pdftex.def Info: Jona/cheby_cos_error-eps-converted-to.pdf used on inpu
t line 93.
(pdftex.def)             Requested size: 155.24895pt x 116.85657pt.
Package epstopdf Info: Source file: <Jona/linspace_f2_interpolation.eps>
(epstopdf)                    date: 2014-05-21 00:26:07
(epstopdf)                    size: 102778 bytes
(epstopdf)             Output file: <Jona/linspace_f2_interpolation-eps-convert
ed-to.pdf>
(epstopdf)                    date: 2014-05-21 10:04:52
(epstopdf)                    size: 86939 bytes
(epstopdf)             Command: <epstopdf --outfile=Jona/linspace_f2_interpolat
ion-eps-converted-to.pdf Jona/linspace_f2_interpolation.eps>
(epstopdf)             \includegraphics on input line 104.
Package epstopdf Info: Output file is already uptodate.

<Jona/linspace_f2_interpolation-eps-converted-to.pdf, id=32, 560.0925pt x 421.5
75pt>
File: Jona/linspace_f2_interpolation-eps-converted-to.pdf Graphic file (type pd
f)
 <use Jona/linspace_f2_interpolation-eps-converted-to.pdf>
Package pdftex.def Info: Jona/linspace_f2_interpolation-eps-converted-to.pdf us
ed on input line 104.
(pdftex.def)             Requested size: 345.0pt x 259.68842pt.
Package epstopdf Info: Source file: <Jona/linspace_f2_error.eps>
(epstopdf)                    date: 2014-05-21 00:24:10
(epstopdf)                    size: 99513 bytes
(epstopdf)             Output file: <Jona/linspace_f2_error-eps-converted-to.pd
f>
(epstopdf)                    date: 2014-05-21 10:04:52
(epstopdf)                    size: 66805 bytes
(epstopdf)             Command: <epstopdf --outfile=Jona/linspace_f2_error-eps-
converted-to.pdf Jona/linspace_f2_error.eps>
(epstopdf)             \includegraphics on input line 111.
Package epstopdf Info: Output file is already uptodate.

<Jona/linspace_f2_error-eps-converted-to.pdf, id=33, 560.0925pt x 421.575pt>
File: Jona/linspace_f2_error-eps-converted-to.pdf Graphic file (type pdf)

<use Jona/linspace_f2_error-eps-converted-to.pdf>
Package pdftex.def Info: Jona/linspace_f2_error-eps-converted-to.pdf used on in
put line 111.
(pdftex.def)             Requested size: 345.0pt x 259.68842pt.


LaTeX Warning: Float too large for page by 11.82526pt on input line 118.

Package epstopdf Info: Source file: <Jona/cheby_f2_interpolation.eps>
(epstopdf)                    date: 2014-05-21 00:10:17
(epstopdf)                    size: 102600 bytes
(epstopdf)             Output file: <Jona/cheby_f2_interpolation-eps-converted-
to.pdf>
(epstopdf)                    date: 2014-05-21 10:04:52
(epstopdf)                    size: 87543 bytes
(epstopdf)             Command: <epstopdf --outfile=Jona/cheby_f2_interpolation
-eps-converted-to.pdf Jona/cheby_f2_interpolation.eps>
(epstopdf)             \includegraphics on input line 124.
Package epstopdf Info: Output file is already uptodate.

<Jona/cheby_f2_interpolation-eps-converted-to.pdf, id=34, 560.0925pt x 421.575p
t>
File: Jona/cheby_f2_interpolation-eps-converted-to.pdf Graphic file (type pdf)
 <use Jona/cheby_f2_interpolation-eps-converted-to.pdf>
Package pdftex.def Info: Jona/cheby_f2_interpolation-eps-converted-to.pdf used 
on input line 124.
(pdftex.def)             Requested size: 345.0pt x 259.68842pt.
Package epstopdf Info: Source file: <Jona/cheby_f2_error.eps>
(epstopdf)                    date: 2014-05-21 00:28:37
(epstopdf)                    size: 101369 bytes
(epstopdf)             Output file: <Jona/cheby_f2_error-eps-converted-to.pdf>
(epstopdf)                    date: 2014-05-21 10:04:52
(epstopdf)                    size: 83070 bytes
(epstopdf)             Command: <epstopdf --outfile=Jona/cheby_f2_error-eps-con
verted-to.pdf Jona/cheby_f2_error.eps>
(epstopdf)             \includegraphics on input line 131.
Package epstopdf Info: Output file is already uptodate.

<Jona/cheby_f2_error-eps-converted-to.pdf, id=35, 560.0925pt x 421.575pt>
File: Jona/cheby_f2_error-eps-converted-to.pdf Graphic file (type pdf)

<use Jona/cheby_f2_error-eps-converted-to.pdf>
Package pdftex.def Info: Jona/cheby_f2_error-eps-converted-to.pdf used on input
 line 131.
(pdftex.def)             Requested size: 345.0pt x 259.68842pt.


LaTeX Warning: Float too large for page by 11.82526pt on input line 138.

Package epstopdf Info: Source file: <Jona/error_global_cos.eps>
(epstopdf)                    date: 2014-05-21 00:16:29
(epstopdf)                    size: 15518 bytes
(epstopdf)             Output file: <Jona/error_global_cos-eps-converted-to.pdf
>
(epstopdf)                    date: 2014-05-21 10:04:52
(epstopdf)                    size: 4348 bytes
(epstopdf)             Command: <epstopdf --outfile=Jona/error_global_cos-eps-c
onverted-to.pdf Jona/error_global_cos.eps>
(epstopdf)             \includegraphics on input line 144.
Package epstopdf Info: Output file is already uptodate.
<Jona/error_global_cos-eps-converted-to.pdf, id=36, 560.0925pt x 421.575pt>
File: Jona/error_global_cos-eps-converted-to.pdf Graphic file (type pdf)

<use Jona/error_global_cos-eps-converted-to.pdf>
Package pdftex.def Info: Jona/error_global_cos-eps-converted-to.pdf used on inp
ut line 144.
(pdftex.def)             Requested size: 155.24895pt x 116.85657pt.
Package epstopdf Info: Source file: <Jona/error_global_f2.eps>
(epstopdf)                    date: 2014-05-21 00:17:45
(epstopdf)                    size: 11956 bytes
(epstopdf)             Output file: <Jona/error_global_f2-eps-converted-to.pdf>

(epstopdf)                    date: 2014-05-21 10:04:52
(epstopdf)                    size: 4669 bytes
(epstopdf)             Command: <epstopdf --outfile=Jona/error_global_f2-eps-co
nverted-to.pdf Jona/error_global_f2.eps>
(epstopdf)             \includegraphics on input line 151.
Package epstopdf Info: Output file is already uptodate.

<Jona/error_global_f2-eps-converted-to.pdf, id=37, 560.0925pt x 421.575pt>
File: Jona/error_global_f2-eps-converted-to.pdf Graphic file (type pdf)

<use Jona/error_global_f2-eps-converted-to.pdf>
Package pdftex.def Info: Jona/error_global_f2-eps-converted-to.pdf used on inpu
t line 151.
(pdftex.def)             Requested size: 155.24895pt x 116.85657pt.
Package epstopdf Info: Source file: <Jona/condition_f2.eps>
(epstopdf)                    date: 2014-05-21 00:14:52
(epstopdf)                    size: 11920 bytes
(epstopdf)             Output file: <Jona/condition_f2-eps-converted-to.pdf>
(epstopdf)                    date: 2014-05-21 10:04:52
(epstopdf)                    size: 4469 bytes
(epstopdf)             Command: <epstopdf --outfile=Jona/condition_f2-eps-conve
rted-to.pdf Jona/condition_f2.eps>
(epstopdf)             \includegraphics on input line 163.
Package epstopdf Info: Output file is already uptodate.

<Jona/condition_f2-eps-converted-to.pdf, id=38, 560.0925pt x 421.575pt>
File: Jona/condition_f2-eps-converted-to.pdf Graphic file (type pdf)

<use Jona/condition_f2-eps-converted-to.pdf>
Package pdftex.def Info: Jona/condition_f2-eps-converted-to.pdf used on input l
ine 163.
(pdftex.def)             Requested size: 345.0pt x 259.68842pt.
 [3 <./Jona/linspace_cos_interpolation-eps-converted-to.pdf> <./Jona/linspace_c
os_error-eps-converted-to.pdf>]
[4 <./Jona/cheby_cos_interpolation-eps-converted-to.pdf> <./Jona/cheby_cos_erro
r-eps-converted-to.pdf>] [5 <./Jona/linspace_f2_interpolation-eps-converted-to.
pdf> <./Jona/linspace_f2_error-eps-converted-to.pdf>] [6 <./Jona/cheby_f2_inter
polation-eps-converted-to.pdf> <./Jona/cheby_f2_error-eps-converted-to.pdf>]
[7 <./Jona/error_global_cos-eps-converted-to.pdf> <./Jona/error_global_f2-eps-c
onverted-to.pdf> <./Jona/condition_f2-eps-converted-to.pdf>]
Package epstopdf Info: Source file: <periotriga.eps>
(epstopdf)                    date: 2014-05-20 14:32:20
(epstopdf)                    size: 13044 bytes
(epstopdf)             Output file: <periotriga-eps-converted-to.pdf>
(epstopdf)                    date: 2014-05-20 14:32:20
(epstopdf)                    size: 6602 bytes
(epstopdf)             Command: <epstopdf --outfile=periotriga-eps-converted-to
.pdf periotriga.eps>
(epstopdf)             \includegraphics on input line 206.
Package epstopdf Info: Output file is already uptodate.

<periotriga-eps-converted-to.pdf, id=104, 807.015pt x 185.69376pt>
File: periotriga-eps-converted-to.pdf Graphic file (type pdf)

<use periotriga-eps-converted-to.pdf>
Package pdftex.def Info: periotriga-eps-converted-to.pdf used on input line 206
.
(pdftex.def)             Requested size: 345.0025pt x 103.50327pt.
Package epstopdf Info: Source file: <periotrigb.eps>
(epstopdf)                    date: 2014-05-20 14:32:20
(epstopdf)                    size: 14583 bytes
(epstopdf)             Output file: <periotrigb-eps-converted-to.pdf>
(epstopdf)                    date: 2014-05-20 14:32:20
(epstopdf)                    size: 8429 bytes
(epstopdf)             Command: <epstopdf --outfile=periotrigb-eps-converted-to
.pdf periotrigb.eps>
(epstopdf)             \includegraphics on input line 213.
Package epstopdf Info: Output file is already uptodate.

<periotrigb-eps-converted-to.pdf, id=105, 807.015pt x 185.69376pt>
File: periotrigb-eps-converted-to.pdf Graphic file (type pdf)

<use periotrigb-eps-converted-to.pdf>
Package pdftex.def Info: periotrigb-eps-converted-to.pdf used on input line 213
.
(pdftex.def)             Requested size: 345.0pt x 79.3849pt.
Package epstopdf Info: Source file: <periotrigc.eps>
(epstopdf)                    date: 2014-05-20 14:32:20
(epstopdf)                    size: 14520 bytes
(epstopdf)             Output file: <periotrigc-eps-converted-to.pdf>
(epstopdf)                    date: 2014-05-20 14:32:20
(epstopdf)                    size: 8676 bytes
(epstopdf)             Command: <epstopdf --outfile=periotrigc-eps-converted-to
.pdf periotrigc.eps>
(epstopdf)             \includegraphics on input line 221.
Package epstopdf Info: Output file is already uptodate.

<periotrigc-eps-converted-to.pdf, id=106, 807.015pt x 185.69376pt>
File: periotrigc-eps-converted-to.pdf Graphic file (type pdf)

<use periotrigc-eps-converted-to.pdf>
Package pdftex.def Info: periotrigc-eps-converted-to.pdf used on input line 221
.
(pdftex.def)             Requested size: 345.0pt x 79.3849pt.
Package epstopdf Info: Source file: <infclick.eps>
(epstopdf)                    date: 2014-05-20 14:32:20
(epstopdf)                    size: 8863 bytes
(epstopdf)             Output file: <infclick-eps-converted-to.pdf>
(epstopdf)                    date: 2014-05-20 14:32:20
(epstopdf)                    size: 3538 bytes
(epstopdf)             Command: <epstopdf --outfile=infclick-eps-converted-to.p
df infclick.eps>
(epstopdf)             \includegraphics on input line 244.
Package epstopdf Info: Output file is already uptodate.

<infclick-eps-converted-to.pdf, id=107, 471.7625pt x 375.4025pt>
File: infclick-eps-converted-to.pdf Graphic file (type pdf)

<use infclick-eps-converted-to.pdf>
Package pdftex.def Info: infclick-eps-converted-to.pdf used on input line 244.
(pdftex.def)             Requested size: 137.9979pt x 109.80908pt.
Package epstopdf Info: Source file: <inftrig.eps>
(epstopdf)                    date: 2014-05-20 14:32:20
(epstopdf)                    size: 14848 bytes
(epstopdf)             Output file: <inftrig-eps-converted-to.pdf>
(epstopdf)                    date: 2014-05-20 14:32:20
(epstopdf)                    size: 8626 bytes
(epstopdf)             Command: <epstopdf --outfile=inftrig-eps-converted-to.pd
f inftrig.eps>
(epstopdf)             \includegraphics on input line 250.
Package epstopdf Info: Output file is already uptodate.

<inftrig-eps-converted-to.pdf, id=108, 471.7625pt x 375.4025pt>
File: inftrig-eps-converted-to.pdf Graphic file (type pdf)

<use inftrig-eps-converted-to.pdf>
Package pdftex.def Info: inftrig-eps-converted-to.pdf used on input line 250.
(pdftex.def)             Requested size: 137.9979pt x 109.80908pt.
Package epstopdf Info: Source file: <lissajous.eps>
(epstopdf)                    date: 2014-05-20 14:32:20
(epstopdf)                    size: 12950 bytes
(epstopdf)             Output file: <lissajous-eps-converted-to.pdf>
(epstopdf)                    date: 2014-05-20 14:32:20
(epstopdf)                    size: 6935 bytes
(epstopdf)             Command: <epstopdf --outfile=lissajous-eps-converted-to.
pdf lissajous.eps>
(epstopdf)             \includegraphics on input line 259.
Package epstopdf Info: Output file is already uptodate.

<lissajous-eps-converted-to.pdf, id=109, 474.77374pt x 369.38pt>
File: lissajous-eps-converted-to.pdf Graphic file (type pdf)

<use lissajous-eps-converted-to.pdf>
Package pdftex.def Info: lissajous-eps-converted-to.pdf used on input line 259.

(pdftex.def)             Requested size: 293.2521pt x 228.16214pt.
 [8] [9 <./periotriga-eps-converted-to.pdf> <./periotrigb-eps-converted-to.pdf>
 <./periotrigc-eps-converted-to.pdf>]
[10 <./infclick-eps-converted-to.pdf> <./inftrig-eps-converted-to.pdf> <./lissa
jous-eps-converted-to.pdf>]
LaTeX Font Info:    Try loading font information for OT1+pcr on input line 265.


(/usr/local/texlive/2013/texmf-dist/tex/latex/psnfss/ot1pcr.fd
File: ot1pcr.fd 2001/06/04 font definitions for OT1/pcr.
)
(./Jona/poly_zeros.m
Overfull \hbox (5.40356pt too wide) in paragraph at lines 3--4
[][][][][][][][][][][][][][][][][][][][][][][][][][][][][][][][][][][][][][][][
][][][][][][][][][][][][][][][][][][][][][][][][][][][][][][][][][][] 
 []


Overfull \hbox (0.60352pt too wide) in paragraph at lines 8--10
[][][][][][][][][][][][][][][][][][][][][][][][][][][][][][][][][][][][][][][][
][][][][][][][][][][][][][][][][][][][][][][][][][][][][][][][][][][][][][][][]
[][][][][][][][][][][][] 
 []


Overfull \hbox (0.60352pt too wide) in paragraph at lines 14--15
[][][][][][][][][][][][][][][][][][][][][][][][][][][][][][][][][][][][][][][][
][][][][][][][][][][][][][][][][][][][][][][][][][][][][][][][][][][][][][][][]
[][][][][][][][][][][][][][][][] 
 []

) (./Jona/eval_recursion.m
Missing character: There is no ë in font pcrr7t!

Overfull \hbox (34.20386pt too wide) in paragraph at lines 4--5
[][][][][][][][][][][][][][][][][][][][][][][][][][][][][][][][][][][][][][][][
][][][][][][][][][][][][][][][][][][][][][][][][][][][][][][][][][][][][][][][]
[][][][][][][][][][][][] 
 []

Missing character: There is no ë in font pcrr7t!
Missing character: There is no ë in font pcrr7t!

Overfull \hbox (0.60352pt too wide) in paragraph at lines 10--12
[][][][][][][][][][][][][][][][][][][][][][][][][][][][][][][][][][][][][][][][
][][][][][][][][][][][][][][][][][][][][][][][][][][][][][][][][][][][][][][][]
 
 []


Overfull \hbox (15.00366pt too wide) in paragraph at lines 15--16
[][][][][][][][][][][][][][][][][][][][][][][][][][][][][][][][][][][][][][][][
][][][][][][][][][][][][][][][][][][][] 
 []

LaTeX Font Info:    Try loading font information for TS1+pcr on input line 19.
(/usr/local/texlive/2013/texmf-dist/tex/latex/psnfss/ts1pcr.fd
File: ts1pcr.fd 2001/06/04 font definitions for TS1/pcr.
)
Overfull \hbox (15.00366pt too wide) in paragraph at lines 19--20
[][][][][][][][][][][][][][][][][][][][][][][][][][][][][][][][][][][][][][][][
] 
 []

) [11] (./Jona/interpolate.m
Overfull \hbox (15.00366pt too wide) in paragraph at lines 2--3
[][][][][][][][][][][][][][][][][][][][][][][][][][][][][][][][][][][][][][][][
][][][][][][][][][][][][][][][][][][][][][][][][][] 
 []


Overfull \hbox (10.20361pt too wide) in paragraph at lines 5--6
[][][][][][][][][][][][][][][][][][][][][][][][][][][][][][][][][][][][][][][][
][][][][][][][][][][][][][][][][][][][][][][][][][][][][][][][][][][][][][][][]
[][][][][][][][][][][][][][][][][][][][][][][][] 
 []


Overfull \hbox (15.00366pt too wide) in paragraph at lines 9--10
[][][][][][][][][][][][][][][][][][][][][][][][][][][][][][][][][][][][][][][][
][][][][][][][][][][][][][][][][][][][][][][][][][][][][][][][][][][][][][][][]
 
 []

Missing character: There is no ë in font pcrr7t!
Missing character: There is no ë in font pcrr7t!
Missing character: There is no ë in font pcrr7t!
LaTeX Font Info:    Try loading font information for OMS+pcr on input line 15.
(/usr/local/texlive/2013/texmf-dist/tex/latex/psnfss/omspcr.fd
File: omspcr.fd 
)
LaTeX Font Info:    Font shape `OMS/pcr/m/n' in size <8> not available
(Font)              Font shape `OMS/cmsy/m/n' tried instead on input line 15.

Overfull \hbox (10.20361pt too wide) in paragraph at lines 16--17
[][][][][][][][][][][][][][][][][][][][][][][][][][][][][][][][][][][][][][][][
][][][][][][][][][][][][][][][][][][][][][][][][][][][][][][][][][][][][][][][]
[][][][] 
 []

Missing character: There is no ë in font pcrr7t!
Missing character: There is no ë in font pcrr7t!

Overfull \hbox (5.40356pt too wide) in paragraph at lines 18--19
[][][][][][][][][][][][][][][][][][][][][][][][][][][][][][][][][][][][][][][][
][][][][][][][][][][][][][][][][][][][][][][][][][][][][][][][][][][][][][][][]
[][][][][][][][][][] 
 []


Overfull \hbox (29.40381pt too wide) in paragraph at lines 29--30
[][][][][][][][][][][][][][][][][][][][][][][][][][][][][][][][][][][][][][][][
][][][][] 
 []

) [12] (./periotrig.m
LaTeX Font Info:    Try loading font information for OML+pcr on input line 9.

(/usr/local/texlive/2013/texmf-dist/tex/latex/psnfss/omlpcr.fd
File: omlpcr.fd 
)
LaTeX Font Info:    Font shape `OML/pcr/m/n' in size <8> not available
(Font)              Font shape `OML/cmm/m/it' tried instead on input line 9.
) [13]
(./practicum2.aux)

LaTeX Warning: There were multiply-defined labels.

 ) 
Here is how much of TeX's memory you used:
 6671 strings out of 493308
 99796 string characters out of 6137822
 198496 words of memory out of 5000000
 9968 multiletter control sequences out of 15000+600000
 14757 words of font info for 57 fonts, out of 8000000 for 9000
 957 hyphenation exceptions out of 8191
 42i,9n,42p,898b,1171s stack positions out of 5000i,500n,10000p,200000b,80000s
{/usr/local/texlive/2013/texmf-dist/fonts/enc/dvips/base/8r.enc}</usr/local/t
exlive/2013/texmf-dist/fonts/type1/public/amsfonts/cm/cmbx10.pfb></usr/local/te
xlive/2013/texmf-dist/fonts/type1/public/amsfonts/cm/cmbx12.pfb></usr/local/tex
live/2013/texmf-dist/fonts/type1/public/amsfonts/cm/cmcsc10.pfb></usr/local/tex
live/2013/texmf-dist/fonts/type1/public/amsfonts/cm/cmex10.pfb></usr/local/texl
ive/2013/texmf-dist/fonts/type1/public/amsfonts/cm/cmmi10.pfb></usr/local/texli
ve/2013/texmf-dist/fonts/type1/public/amsfonts/cm/cmmi5.pfb></usr/local/texlive
/2013/texmf-dist/fonts/type1/public/amsfonts/cm/cmmi6.pfb></usr/local/texlive/2
013/texmf-dist/fonts/type1/public/amsfonts/cm/cmmi7.pfb></usr/local/texlive/201
3/texmf-dist/fonts/type1/public/amsfonts/cm/cmmi8.pfb></usr/local/texlive/2013/
texmf-dist/fonts/type1/public/amsfonts/cm/cmmi9.pfb></usr/local/texlive/2013/te
xmf-dist/fonts/type1/public/amsfonts/cm/cmr10.pfb></usr/local/texlive/2013/texm
f-dist/fonts/type1/public/amsfonts/cm/cmr12.pfb></usr/local/texlive/2013/texmf-
dist/fonts/type1/public/amsfonts/cm/cmr17.pfb></usr/local/texlive/2013/texmf-di
st/fonts/type1/public/amsfonts/cm/cmr5.pfb></usr/local/texlive/2013/texmf-dist/
fonts/type1/public/amsfonts/cm/cmr6.pfb></usr/local/texlive/2013/texmf-dist/fon
ts/type1/public/amsfonts/cm/cmr7.pfb></usr/local/texlive/2013/texmf-dist/fonts/
type1/public/amsfonts/cm/cmr9.pfb></usr/local/texlive/2013/texmf-dist/fonts/typ
e1/public/amsfonts/cm/cmsy10.pfb></usr/local/texlive/2013/texmf-dist/fonts/type
1/public/amsfonts/cm/cmsy7.pfb></usr/local/texlive/2013/texmf-dist/fonts/type1/
public/amsfonts/cm/cmsy8.pfb></usr/local/texlive/2013/texmf-dist/fonts/type1/pu
blic/amsfonts/cm/cmsy9.pfb></usr/local/texlive/2013/texmf-dist/fonts/type1/publ
ic/amsfonts/cm/cmti10.pfb></usr/local/texlive/2013/texmf-dist/fonts/type1/publi
c/amsfonts/cm/cmti9.pfb></usr/local/texlive/2013/texmf-dist/fonts/type1/urw/cou
rier/ucrr8a.pfb>
Output written on practicum2.pdf (13 pages, 763552 bytes).
PDF statistics:
 232 PDF objects out of 1000 (max. 8388607)
 173 compressed objects within 2 object streams
 0 named destinations out of 1000 (max. 500000)
 91 words of extra memory for PDF output out of 10000 (max. 10000000)

